This is pdfTeX, Version 3.14159265-2.6-1.40.16 (TeX Live 2015/Debian) (preloaded format=pdflatex 2017.8.23)  6 DEC 2017 03:09
entering extended mode
 restricted \write18 enabled.
 %&-line parsing enabled.
**analysis.tex
(./analysis.tex
LaTeX2e <2016/02/01>
Babel <3.9q> and hyphenation patterns for 81 language(s) loaded.
(/usr/share/texlive/texmf-dist/tex/latex/base/report.cls
Document Class: report 2014/09/29 v1.4h Standard LaTeX document class
(/usr/share/texlive/texmf-dist/tex/latex/base/size10.clo
File: size10.clo 2014/09/29 v1.4h Standard LaTeX file (size option)
)
\c@part=\count79
\c@chapter=\count80
\c@section=\count81
\c@subsection=\count82
\c@subsubsection=\count83
\c@paragraph=\count84
\c@subparagraph=\count85
\c@figure=\count86
\c@table=\count87
\abovecaptionskip=\skip41
\belowcaptionskip=\skip42
\bibindent=\dimen102
)
(/usr/share/texlive/texmf-dist/tex/latex/preprint/fullpage.sty
Package: fullpage 1999/02/23 1.1 (PWD)
\FP@margin=\skip43
)
(/usr/share/texlive/texmf-dist/tex/latex/amsfonts/amsfonts.sty
Package: amsfonts 2013/01/14 v3.01 Basic AMSFonts support
\@emptytoks=\toks14
\symAMSa=\mathgroup4
\symAMSb=\mathgroup5
LaTeX Font Info:    Overwriting math alphabet `\mathfrak' in version `bold'
(Font)                  U/euf/m/n --> U/euf/b/n on input line 106.
)
(/usr/share/texlive/texmf-dist/tex/latex/graphics/graphicx.sty
Package: graphicx 2014/10/28 v1.0g Enhanced LaTeX Graphics (DPC,SPQR)

(/usr/share/texlive/texmf-dist/tex/latex/graphics/keyval.sty
Package: keyval 2014/10/28 v1.15 key=value parser (DPC)
\KV@toks@=\toks15
)
(/usr/share/texlive/texmf-dist/tex/latex/graphics/graphics.sty
Package: graphics 2016/01/03 v1.0q Standard LaTeX Graphics (DPC,SPQR)

(/usr/share/texlive/texmf-dist/tex/latex/graphics/trig.sty
Package: trig 2016/01/03 v1.10 sin cos tan (DPC)
)
(/usr/share/texlive/texmf-dist/tex/latex/latexconfig/graphics.cfg
File: graphics.cfg 2010/04/23 v1.9 graphics configuration of TeX Live
)
Package graphics Info: Driver file: pdftex.def on input line 95.

(/usr/share/texlive/texmf-dist/tex/latex/pdftex-def/pdftex.def
File: pdftex.def 2011/05/27 v0.06d Graphics/color for pdfTeX

(/usr/share/texlive/texmf-dist/tex/generic/oberdiek/infwarerr.sty
Package: infwarerr 2010/04/08 v1.3 Providing info/warning/error messages (HO)
)
(/usr/share/texlive/texmf-dist/tex/generic/oberdiek/ltxcmds.sty
Package: ltxcmds 2011/11/09 v1.22 LaTeX kernel commands for general use (HO)
)
\Gread@gobject=\count88
))
\Gin@req@height=\dimen103
\Gin@req@width=\dimen104
)
(/usr/share/texlive/texmf-dist/tex/latex/hyperref/hyperref.sty
Package: hyperref 2012/11/06 v6.83m Hypertext links for LaTeX

(/usr/share/texlive/texmf-dist/tex/generic/oberdiek/hobsub-hyperref.sty
Package: hobsub-hyperref 2012/05/28 v1.13 Bundle oberdiek, subset hyperref (HO)


(/usr/share/texlive/texmf-dist/tex/generic/oberdiek/hobsub-generic.sty
Package: hobsub-generic 2012/05/28 v1.13 Bundle oberdiek, subset generic (HO)
Package: hobsub 2012/05/28 v1.13 Construct package bundles (HO)
Package hobsub Info: Skipping package `infwarerr' (already loaded).
Package hobsub Info: Skipping package `ltxcmds' (already loaded).
Package: ifluatex 2010/03/01 v1.3 Provides the ifluatex switch (HO)
Package ifluatex Info: LuaTeX not detected.
Package: ifvtex 2010/03/01 v1.5 Detect VTeX and its facilities (HO)
Package ifvtex Info: VTeX not detected.
Package: intcalc 2007/09/27 v1.1 Expandable calculations with integers (HO)
Package: ifpdf 2011/01/30 v2.3 Provides the ifpdf switch (HO)
Package ifpdf Info: pdfTeX in PDF mode is detected.
Package: etexcmds 2011/02/16 v1.5 Avoid name clashes with e-TeX commands (HO)
Package etexcmds Info: Could not find \expanded.
(etexcmds)             That can mean that you are not using pdfTeX 1.50 or
(etexcmds)             that some package has redefined \expanded.
(etexcmds)             In the latter case, load this package earlier.
Package: kvsetkeys 2012/04/25 v1.16 Key value parser (HO)
Package: kvdefinekeys 2011/04/07 v1.3 Define keys (HO)
Package: pdftexcmds 2011/11/29 v0.20 Utility functions of pdfTeX for LuaTeX (HO
)
Package pdftexcmds Info: LuaTeX not detected.
Package pdftexcmds Info: \pdf@primitive is available.
Package pdftexcmds Info: \pdf@ifprimitive is available.
Package pdftexcmds Info: \pdfdraftmode found.
Package: pdfescape 2011/11/25 v1.13 Implements pdfTeX's escape features (HO)
Package: bigintcalc 2012/04/08 v1.3 Expandable calculations on big integers (HO
)
Package: bitset 2011/01/30 v1.1 Handle bit-vector datatype (HO)
Package: uniquecounter 2011/01/30 v1.2 Provide unlimited unique counter (HO)
)
Package hobsub Info: Skipping package `hobsub' (already loaded).
Package: letltxmacro 2010/09/02 v1.4 Let assignment for LaTeX macros (HO)
Package: hopatch 2012/05/28 v1.2 Wrapper for package hooks (HO)
Package: xcolor-patch 2011/01/30 xcolor patch
Package: atveryend 2011/06/30 v1.8 Hooks at the very end of document (HO)
Package atveryend Info: \enddocument detected (standard20110627).
Package: atbegshi 2011/10/05 v1.16 At begin shipout hook (HO)
Package: refcount 2011/10/16 v3.4 Data extraction from label references (HO)
Package: hycolor 2011/01/30 v1.7 Color options for hyperref/bookmark (HO)
)
(/usr/share/texlive/texmf-dist/tex/generic/ifxetex/ifxetex.sty
Package: ifxetex 2010/09/12 v0.6 Provides ifxetex conditional
)
(/usr/share/texlive/texmf-dist/tex/latex/oberdiek/auxhook.sty
Package: auxhook 2011/03/04 v1.3 Hooks for auxiliary files (HO)
)
(/usr/share/texlive/texmf-dist/tex/latex/oberdiek/kvoptions.sty
Package: kvoptions 2011/06/30 v3.11 Key value format for package options (HO)
)
\@linkdim=\dimen105
\Hy@linkcounter=\count89
\Hy@pagecounter=\count90

(/usr/share/texlive/texmf-dist/tex/latex/hyperref/pd1enc.def
File: pd1enc.def 2012/11/06 v6.83m Hyperref: PDFDocEncoding definition (HO)
)
\Hy@SavedSpaceFactor=\count91

(/usr/share/texlive/texmf-dist/tex/latex/latexconfig/hyperref.cfg
File: hyperref.cfg 2002/06/06 v1.2 hyperref configuration of TeXLive
)
Package hyperref Info: Hyper figures OFF on input line 4443.
Package hyperref Info: Link nesting OFF on input line 4448.
Package hyperref Info: Hyper index ON on input line 4451.
Package hyperref Info: Plain pages OFF on input line 4458.
Package hyperref Info: Backreferencing OFF on input line 4463.
Package hyperref Info: Implicit mode ON; LaTeX internals redefined.
Package hyperref Info: Bookmarks ON on input line 4688.
\c@Hy@tempcnt=\count92

(/usr/share/texlive/texmf-dist/tex/latex/url/url.sty
\Urlmuskip=\muskip10
Package: url 2013/09/16  ver 3.4  Verb mode for urls, etc.
)
LaTeX Info: Redefining \url on input line 5041.
\XeTeXLinkMargin=\dimen106
\Fld@menulength=\count93
\Field@Width=\dimen107
\Fld@charsize=\dimen108
Package hyperref Info: Hyper figures OFF on input line 6295.
Package hyperref Info: Link nesting OFF on input line 6300.
Package hyperref Info: Hyper index ON on input line 6303.
Package hyperref Info: backreferencing OFF on input line 6310.
Package hyperref Info: Link coloring OFF on input line 6315.
Package hyperref Info: Link coloring with OCG OFF on input line 6320.
Package hyperref Info: PDF/A mode OFF on input line 6325.
LaTeX Info: Redefining \ref on input line 6365.
LaTeX Info: Redefining \pageref on input line 6369.
\Hy@abspage=\count94
\c@Item=\count95
\c@Hfootnote=\count96
)

Package hyperref Message: Driver (autodetected): hpdftex.

(/usr/share/texlive/texmf-dist/tex/latex/hyperref/hpdftex.def
File: hpdftex.def 2012/11/06 v6.83m Hyperref driver for pdfTeX
\Fld@listcount=\count97
\c@bookmark@seq@number=\count98

(/usr/share/texlive/texmf-dist/tex/latex/oberdiek/rerunfilecheck.sty
Package: rerunfilecheck 2011/04/15 v1.7 Rerun checks for auxiliary files (HO)
Package uniquecounter Info: New unique counter `rerunfilecheck' on input line 2
82.
)
\Hy@SectionHShift=\skip44
)
(/usr/share/texlive/texmf-dist/tex/latex/pdfpages/pdfpages.sty
Package: pdfpages 2015/09/18 v0.5d Insert pages of external PDF documents (AM)

(/usr/share/texlive/texmf-dist/tex/latex/base/ifthen.sty
Package: ifthen 2014/09/29 v1.1c Standard LaTeX ifthen package (DPC)
)
(/usr/share/texlive/texmf-dist/tex/latex/tools/calc.sty
Package: calc 2014/10/28 v4.3 Infix arithmetic (KKT,FJ)
\calc@Acount=\count99
\calc@Bcount=\count100
\calc@Adimen=\dimen109
\calc@Bdimen=\dimen110
\calc@Askip=\skip45
\calc@Bskip=\skip46
LaTeX Info: Redefining \setlength on input line 80.
LaTeX Info: Redefining \addtolength on input line 81.
\calc@Ccount=\count101
\calc@Cskip=\skip47
)
(/usr/share/texlive/texmf-dist/tex/latex/eso-pic/eso-pic.sty
Package: eso-pic 2015/07/21 v2.0g eso-pic (RN)

(/usr/share/texlive/texmf-dist/tex/latex/xcolor/xcolor.sty
Package: xcolor 2007/01/21 v2.11 LaTeX color extensions (UK)

(/usr/share/texlive/texmf-dist/tex/latex/latexconfig/color.cfg
File: color.cfg 2007/01/18 v1.5 color configuration of teTeX/TeXLive
)
Package xcolor Info: Driver file: pdftex.def on input line 225.
Package xcolor Info: Model `cmy' substituted by `cmy0' on input line 1337.
Package xcolor Info: Model `hsb' substituted by `rgb' on input line 1341.
Package xcolor Info: Model `RGB' extended on input line 1353.
Package xcolor Info: Model `HTML' substituted by `rgb' on input line 1355.
Package xcolor Info: Model `Hsb' substituted by `hsb' on input line 1356.
Package xcolor Info: Model `tHsb' substituted by `hsb' on input line 1357.
Package xcolor Info: Model `HSB' substituted by `hsb' on input line 1358.
Package xcolor Info: Model `Gray' substituted by `gray' on input line 1359.
Package xcolor Info: Model `wave' substituted by `hsb' on input line 1360.
))
\AM@pagewidth=\dimen111
\AM@pageheight=\dimen112

(/usr/share/texlive/texmf-dist/tex/latex/pdfpages/pppdftex.def
File: pppdftex.def 2015/09/18 v0.5d Pdfpages driver for pdfTeX (AM)
)
\AM@pagebox=\box26
\AM@toc@title=\toks16
\c@AM@survey=\count102
\AM@templatesizebox=\box27
)
(/usr/share/texlive/texmf-dist/tex/latex/float/float.sty
Package: float 2001/11/08 v1.3d Float enhancements (AL)
\c@float@type=\count103
\float@exts=\toks17
\float@box=\box28
\@float@everytoks=\toks18
\@floatcapt=\box29
)
(/usr/share/texlive/texmf-dist/tex/latex/caption/subcaption.sty
Package: subcaption 2016/02/20 v1.1-142 Sub-captions (AR)

(/usr/share/texlive/texmf-dist/tex/latex/caption/caption.sty
Package: caption 2016/02/21 v3.3-144 Customizing captions (AR)

(/usr/share/texlive/texmf-dist/tex/latex/caption/caption3.sty
Package: caption3 2016/02/04 v1.7-139 caption3 kernel (AR)
Package caption3 Info: TeX engine: e-TeX on input line 67.
\captionmargin=\dimen113
\captionmargin@=\dimen114
\captionwidth=\dimen115
\caption@tempdima=\dimen116
\caption@indent=\dimen117
\caption@parindent=\dimen118
\caption@hangindent=\dimen119
)
\c@ContinuedFloat=\count104
Package caption Info: float package is loaded.
Package caption Info: hyperref package is loaded.
)
\c@subfigure=\count105
\c@subtable=\count106
)
(./analysis.aux

LaTeX Warning: Label `fig:setup2' multiply defined.


LaTeX Warning: Label `sub@fig:setup2' multiply defined.


LaTeX Warning: Label `fig:setup1' multiply defined.


LaTeX Warning: Label `sub@fig:setup1' multiply defined.


LaTeX Warning: Label `fig:setup2' multiply defined.


LaTeX Warning: Label `sub@fig:setup2' multiply defined.


LaTeX Warning: Label `fig:setup2' multiply defined.


LaTeX Warning: Label `sub@fig:setup2' multiply defined.


LaTeX Warning: Label `fig:setup2' multiply defined.


LaTeX Warning: Label `sub@fig:setup2' multiply defined.


LaTeX Warning: Label `fig:setup2' multiply defined.


LaTeX Warning: Label `sub@fig:setup2' multiply defined.


LaTeX Warning: Label `fig:setup1' multiply defined.


LaTeX Warning: Label `sub@fig:setup1' multiply defined.


LaTeX Warning: Label `fig:setup2' multiply defined.


LaTeX Warning: Label `sub@fig:setup2' multiply defined.


LaTeX Warning: Label `fig:setup1' multiply defined.


LaTeX Warning: Label `sub@fig:setup1' multiply defined.


LaTeX Warning: Label `fig:setup2' multiply defined.


LaTeX Warning: Label `sub@fig:setup2' multiply defined.


LaTeX Warning: Label `fig:setup1' multiply defined.


LaTeX Warning: Label `sub@fig:setup1' multiply defined.


LaTeX Warning: Label `fig:setup2' multiply defined.


LaTeX Warning: Label `sub@fig:setup2' multiply defined.


LaTeX Warning: Label `fig:setup1' multiply defined.


LaTeX Warning: Label `sub@fig:setup1' multiply defined.


LaTeX Warning: Label `fig:setup2' multiply defined.


LaTeX Warning: Label `sub@fig:setup2' multiply defined.


LaTeX Warning: Label `fig:setup1' multiply defined.


LaTeX Warning: Label `sub@fig:setup1' multiply defined.


LaTeX Warning: Label `fig:setup2' multiply defined.


LaTeX Warning: Label `sub@fig:setup2' multiply defined.


LaTeX Warning: Label `fig:setup1' multiply defined.


LaTeX Warning: Label `sub@fig:setup1' multiply defined.


LaTeX Warning: Label `fig:setup2' multiply defined.


LaTeX Warning: Label `sub@fig:setup2' multiply defined.


LaTeX Warning: Label `fig:setup1' multiply defined.


LaTeX Warning: Label `sub@fig:setup1' multiply defined.


LaTeX Warning: Label `fig:setup1' multiply defined.


LaTeX Warning: Label `sub@fig:setup1' multiply defined.


LaTeX Warning: Label `fig:setup2' multiply defined.


LaTeX Warning: Label `sub@fig:setup2' multiply defined.


LaTeX Warning: Label `fig:setup1' multiply defined.


LaTeX Warning: Label `sub@fig:setup1' multiply defined.


LaTeX Warning: Label `fig:setup2' multiply defined.


LaTeX Warning: Label `sub@fig:setup2' multiply defined.


LaTeX Warning: Label `fig:setup1' multiply defined.


LaTeX Warning: Label `sub@fig:setup1' multiply defined.


LaTeX Warning: Label `fig:setup2' multiply defined.


LaTeX Warning: Label `sub@fig:setup2' multiply defined.

)
\openout1 = `analysis.aux'.

LaTeX Font Info:    Checking defaults for OML/cmm/m/it on input line 13.
LaTeX Font Info:    ... okay on input line 13.
LaTeX Font Info:    Checking defaults for T1/cmr/m/n on input line 13.
LaTeX Font Info:    ... okay on input line 13.
LaTeX Font Info:    Checking defaults for OT1/cmr/m/n on input line 13.
LaTeX Font Info:    ... okay on input line 13.
LaTeX Font Info:    Checking defaults for OMS/cmsy/m/n on input line 13.
LaTeX Font Info:    ... okay on input line 13.
LaTeX Font Info:    Checking defaults for OMX/cmex/m/n on input line 13.
LaTeX Font Info:    ... okay on input line 13.
LaTeX Font Info:    Checking defaults for U/cmr/m/n on input line 13.
LaTeX Font Info:    ... okay on input line 13.
LaTeX Font Info:    Checking defaults for PD1/pdf/m/n on input line 13.
LaTeX Font Info:    ... okay on input line 13.
 (/usr/share/texlive/texmf-dist/tex/context/base/supp-pdf.mkii
[Loading MPS to PDF converter (version 2006.09.02).]
\scratchcounter=\count107
\scratchdimen=\dimen120
\scratchbox=\box30
\nofMPsegments=\count108
\nofMParguments=\count109
\everyMPshowfont=\toks19
\MPscratchCnt=\count110
\MPscratchDim=\dimen121
\MPnumerator=\count111
\makeMPintoPDFobject=\count112
\everyMPtoPDFconversion=\toks20
) (/usr/share/texlive/texmf-dist/tex/latex/oberdiek/epstopdf-base.sty
Package: epstopdf-base 2010/02/09 v2.5 Base part for package epstopdf

(/usr/share/texlive/texmf-dist/tex/latex/oberdiek/grfext.sty
Package: grfext 2010/08/19 v1.1 Manage graphics extensions (HO)
)
Package grfext Info: Graphics extension search list:
(grfext)             [.png,.pdf,.jpg,.mps,.jpeg,.jbig2,.jb2,.PNG,.PDF,.JPG,.JPE
G,.JBIG2,.JB2,.eps]
(grfext)             \AppendGraphicsExtensions on input line 452.

(/usr/share/texlive/texmf-dist/tex/latex/latexconfig/epstopdf-sys.cfg
File: epstopdf-sys.cfg 2010/07/13 v1.3 Configuration of (r)epstopdf for TeX Liv
e
))
\AtBeginShipoutBox=\box31
Package hyperref Info: Link coloring OFF on input line 13.

(/usr/share/texlive/texmf-dist/tex/latex/hyperref/nameref.sty
Package: nameref 2012/10/27 v2.43 Cross-referencing by name of section

(/usr/share/texlive/texmf-dist/tex/generic/oberdiek/gettitlestring.sty
Package: gettitlestring 2010/12/03 v1.4 Cleanup title references (HO)
)
\c@section@level=\count113
)
LaTeX Info: Redefining \ref on input line 13.
LaTeX Info: Redefining \pageref on input line 13.
LaTeX Info: Redefining \nameref on input line 13.

(./analysis.out) (./analysis.out)
\@outlinefile=\write3
\openout3 = `analysis.out'.


(/usr/share/texlive/texmf-dist/tex/latex/oberdiek/pdflscape.sty
Package: pdflscape 2008/08/11 v0.10 Display of landscape pages in PDF (HO)

(/usr/share/texlive/texmf-dist/tex/latex/graphics/lscape.sty
Package: lscape 2000/10/22 v3.01 Landscape Pages (DPC)
)
Package pdflscape Info: Auto-detected driver: pdftex on input line 80.
)
Package caption Info: Begin \AtBeginDocument code.
Package caption Info: End \AtBeginDocument code.

Chapter 1.
<images/PIV_NTR1p5_NPR2p5.png, id=25, 1679.5548pt x 1570.4271pt>
File: images/PIV_NTR1p5_NPR2p5.png Graphic file (type png)

<use images/PIV_NTR1p5_NPR2p5.png>
Package pdftex.def Info: images/PIV_NTR1p5_NPR2p5.png used on input line 22.
(pdftex.def)             Requested size: 166.2212pt x 155.39847pt.
LaTeX Font Info:    Try loading font information for U+msa on input line 25.

(/usr/share/texlive/texmf-dist/tex/latex/amsfonts/umsa.fd
File: umsa.fd 2013/01/14 v3.01 AMS symbols A
)
LaTeX Font Info:    Try loading font information for U+msb on input line 25.

(/usr/share/texlive/texmf-dist/tex/latex/amsfonts/umsb.fd
File: umsb.fd 2013/01/14 v3.01 AMS symbols B
)
<images/PIV_NTR1p5_NPR3p6.png, id=27, 1663.6554pt x 1570.4271pt>
File: images/PIV_NTR1p5_NPR3p6.png Graphic file (type png)

<use images/PIV_NTR1p5_NPR3p6.png>
Package pdftex.def Info: images/PIV_NTR1p5_NPR3p6.png used on input line 28.
(pdftex.def)             Requested size: 166.2212pt x 156.88417pt.

<images/PIV_NTR1p5_NPR4p5.png, id=28, 1663.6554pt x 1570.4271pt>
File: images/PIV_NTR1p5_NPR4p5.png Graphic file (type png)

<use images/PIV_NTR1p5_NPR4p5.png>
Package pdftex.def Info: images/PIV_NTR1p5_NPR4p5.png used on input line 34.
(pdftex.def)             Requested size: 166.2212pt x 156.88417pt.

Underfull \hbox (badness 10000) in paragraph at lines 20--38
[]$[]$$[]$
 []


Underfull \hbox (badness 10000) in paragraph at lines 44--45

 []

[1


{/var/lib/texmf/fonts/map/pdftex/updmap/pdftex.map} <./images/PIV_NTR1p5_NPR2p5
.png> <./images/PIV_NTR1p5_NPR3p6.png> <./images/PIV_NTR1p5_NPR4p5.png>]
<images/Fft_Vx_NTR1p5_NPR2p5.png, id=43, 476.2593pt x 372.9132pt>
File: images/Fft_Vx_NTR1p5_NPR2p5.png Graphic file (type png)

<use images/Fft_Vx_NTR1p5_NPR2p5.png>
Package pdftex.def Info: images/Fft_Vx_NTR1p5_NPR2p5.png used on input line 49.

(pdftex.def)             Requested size: 180.67499pt x 141.4695pt.

<images/Fft_Vx_NTR1p5_NPR3p0.png, id=44, 476.2593pt x 372.9132pt>
File: images/Fft_Vx_NTR1p5_NPR3p0.png Graphic file (type png)

<use images/Fft_Vx_NTR1p5_NPR3p0.png>
Package pdftex.def Info: images/Fft_Vx_NTR1p5_NPR3p0.png used on input line 55.

(pdftex.def)             Requested size: 180.67499pt x 141.4695pt.

<images/Fft_Vx_NTR1p5_NPR3p6.png, id=45, 476.2593pt x 372.9132pt>
File: images/Fft_Vx_NTR1p5_NPR3p6.png Graphic file (type png)

<use images/Fft_Vx_NTR1p5_NPR3p6.png>
Package pdftex.def Info: images/Fft_Vx_NTR1p5_NPR3p6.png used on input line 61.

(pdftex.def)             Requested size: 180.67499pt x 141.4695pt.

<images/Fft_Vx_NTR1p5_NPR4p0.png, id=46, 476.2593pt x 372.9132pt>
File: images/Fft_Vx_NTR1p5_NPR4p0.png Graphic file (type png)

<use images/Fft_Vx_NTR1p5_NPR4p0.png>
Package pdftex.def Info: images/Fft_Vx_NTR1p5_NPR4p0.png used on input line 67.

(pdftex.def)             Requested size: 180.67499pt x 141.4695pt.

<images/Fft_Vx_NTR1p5_NPR4p5.png, id=47, 476.2593pt x 372.9132pt>
File: images/Fft_Vx_NTR1p5_NPR4p5.png Graphic file (type png)

<use images/Fft_Vx_NTR1p5_NPR4p5.png>
Package pdftex.def Info: images/Fft_Vx_NTR1p5_NPR4p5.png used on input line 73.

(pdftex.def)             Requested size: 180.67499pt x 141.4695pt.

Underfull \hbox (badness 10000) in paragraph at lines 47--77
[]$[]$$[]$
 []


Overfull \hbox (2.2222pt too wide) in paragraph at lines 47--77
[]$ $[]$
 []


Underfull \hbox (badness 10000) in paragraph at lines 81--82

 []

[2 <./images/Fft_Vx_NTR1p5_NPR2p5.png> <./images/Fft_Vx_NTR1p5_NPR3p0.png> <./i
mages/Fft_Vx_NTR1p5_NPR3p6.png> <./images/Fft_Vx_NTR1p5_NPR4p0.png> <./images/F
ft_Vx_NTR1p5_NPR4p5.png>]
Underfull \hbox (badness 10000) in paragraph at lines 84--85

 []


Underfull \hbox (badness 10000) in paragraph at lines 87--88

 []

<images/LinePlots_Vx_NTR1p0_NPR3p6.png, id=62, 516.2487pt x 336.2964pt>
File: images/LinePlots_Vx_NTR1p0_NPR3p6.png Graphic file (type png)

<use images/LinePlots_Vx_NTR1p0_NPR3p6.png>
Package pdftex.def Info: images/LinePlots_Vx_NTR1p0_NPR3p6.png used on input li
ne 92.
(pdftex.def)             Requested size: 216.81pt x 141.23839pt.

<images/LinePlots_Vx_NTR1p5_NPR3p6.png, id=63, 412.1799pt x 336.2964pt>
File: images/LinePlots_Vx_NTR1p5_NPR3p6.png Graphic file (type png)

<use images/LinePlots_Vx_NTR1p5_NPR3p6.png>
Package pdftex.def Info: images/LinePlots_Vx_NTR1p5_NPR3p6.png used on input li
ne 98.
(pdftex.def)             Requested size: 180.67499pt x 147.41154pt.

Underfull \hbox (badness 10000) in paragraph at lines 106--107

 []

<images/Spectogram_Vx_NTR2p5_NPR2p5.png, id=67, 1300.86pt x 650.43pt>
File: images/Spectogram_Vx_NTR2p5_NPR2p5.png Graphic file (type png)

<use images/Spectogram_Vx_NTR2p5_NPR2p5.png>
Package pdftex.def Info: images/Spectogram_Vx_NTR2p5_NPR2p5.png used on input l
ine 111.
(pdftex.def)             Requested size: 216.81pt x 108.39812pt.

<images/Spectogram_Vx_NTR2p5_NPR3p0.png, id=68, 1300.86pt x 650.43pt>
File: images/Spectogram_Vx_NTR2p5_NPR3p0.png Graphic file (type png)

<use images/Spectogram_Vx_NTR2p5_NPR3p0.png>
Package pdftex.def Info: images/Spectogram_Vx_NTR2p5_NPR3p0.png used on input l
ine 117.
(pdftex.def)             Requested size: 216.81pt x 108.39812pt.

<images/Spectogram_Vx_NTR2p5_NPR3p6.png, id=69, 1300.86pt x 650.43pt>
File: images/Spectogram_Vx_NTR2p5_NPR3p6.png Graphic file (type png)

<use images/Spectogram_Vx_NTR2p5_NPR3p6.png>
Package pdftex.def Info: images/Spectogram_Vx_NTR2p5_NPR3p6.png used on input l
ine 123.
(pdftex.def)             Requested size: 216.81pt x 108.39812pt.

<images/Spectogram_Vx_NTR2p5_NPR4p0.png, id=70, 1300.86pt x 650.43pt>
File: images/Spectogram_Vx_NTR2p5_NPR4p0.png Graphic file (type png)

<use images/Spectogram_Vx_NTR2p5_NPR4p0.png>
Package pdftex.def Info: images/Spectogram_Vx_NTR2p5_NPR4p0.png used on input l
ine 129.
(pdftex.def)             Requested size: 216.81pt x 108.39812pt.
 [3 <./images/LinePlots_Vx_NTR1p0_NPR3p6.png> <./images/LinePlots_Vx_NTR1p5_NPR
3p6.png>]
<images/Spectogram_TKE_NTR2p5_NPR2p5.png, id=80, 1300.86pt x 650.43pt>
File: images/Spectogram_TKE_NTR2p5_NPR2p5.png Graphic file (type png)

<use images/Spectogram_TKE_NTR2p5_NPR2p5.png>
Package pdftex.def Info: images/Spectogram_TKE_NTR2p5_NPR2p5.png used on input 
line 140.
(pdftex.def)             Requested size: 216.81pt x 108.39812pt.

<images/Spectogram_TKE_NTR2p5_NPR3p0.png, id=81, 1300.86pt x 650.43pt>
File: images/Spectogram_TKE_NTR2p5_NPR3p0.png Graphic file (type png)

<use images/Spectogram_TKE_NTR2p5_NPR3p0.png>
Package pdftex.def Info: images/Spectogram_TKE_NTR2p5_NPR3p0.png used on input 
line 146.
(pdftex.def)             Requested size: 216.81pt x 108.39812pt.

<images/Spectogram_TKE_NTR2p5_NPR3p6.png, id=82, 1300.86pt x 650.43pt>
File: images/Spectogram_TKE_NTR2p5_NPR3p6.png Graphic file (type png)

<use images/Spectogram_TKE_NTR2p5_NPR3p6.png>
Package pdftex.def Info: images/Spectogram_TKE_NTR2p5_NPR3p6.png used on input 
line 152.
(pdftex.def)             Requested size: 216.81pt x 108.39812pt.

<images/Spectogram_TKE_NTR2p5_NPR4p0.png, id=83, 1300.86pt x 650.43pt>
File: images/Spectogram_TKE_NTR2p5_NPR4p0.png Graphic file (type png)

<use images/Spectogram_TKE_NTR2p5_NPR4p0.png>
Package pdftex.def Info: images/Spectogram_TKE_NTR2p5_NPR4p0.png used on input 
line 158.
(pdftex.def)             Requested size: 216.81pt x 108.39812pt.


LaTeX Warning: Citation `heeb' on page 4 undefined on input line 168.

[4 <./images/Spectogram_Vx_NTR2p5_NPR2p5.png> <./images/Spectogram_Vx_NTR2p5_NP
R3p0.png> <./images/Spectogram_Vx_NTR2p5_NPR3p6.png> <./images/Spectogram_Vx_NT
R2p5_NPR4p0.png> <./images/Spectogram_TKE_NTR2p5_NPR2p5.png> <./images/Spectogr
am_TKE_NTR2p5_NPR3p0.png> <./images/Spectogram_TKE_NTR2p5_NPR3p6.png> <./images
/Spectogram_TKE_NTR2p5_NPR4p0.png>]
<images/Fft_Vx_NTR1p0_NPR3p6c.png, id=97, 476.2593pt x 372.9132pt>
File: images/Fft_Vx_NTR1p0_NPR3p6c.png Graphic file (type png)

<use images/Fft_Vx_NTR1p0_NPR3p6c.png>
Package pdftex.def Info: images/Fft_Vx_NTR1p0_NPR3p6c.png used on input line 17
5.
(pdftex.def)             Requested size: 216.81pt x 169.76111pt.

<images/Fft_Vx_NTR2p0_NPR3p6c.png, id=98, 476.2593pt x 372.9132pt>
File: images/Fft_Vx_NTR2p0_NPR3p6c.png Graphic file (type png)

<use images/Fft_Vx_NTR2p0_NPR3p6c.png>
Package pdftex.def Info: images/Fft_Vx_NTR2p0_NPR3p6c.png used on input line 18
1.
(pdftex.def)             Requested size: 216.81pt x 169.76111pt.

<images/Fft_Vx_NTR3p0_NPR3p6c.png, id=99, 476.2593pt x 372.9132pt>
File: images/Fft_Vx_NTR3p0_NPR3p6c.png Graphic file (type png)

<use images/Fft_Vx_NTR3p0_NPR3p6c.png>
Package pdftex.def Info: images/Fft_Vx_NTR3p0_NPR3p6c.png used on input line 18
7.
(pdftex.def)             Requested size: 216.81pt x 169.76111pt.

Underfull \hbox (badness 10000) in paragraph at lines 173--191
[]$[]$$[]$
 []


LaTeX Warning: Citation `heeb' on page 5 undefined on input line 195.

<images/LinePlots_TKE_NTR1p0_NPR3p6.png, id=101, 418.6842pt x 336.2964pt>
File: images/LinePlots_TKE_NTR1p0_NPR3p6.png Graphic file (type png)

<use images/LinePlots_TKE_NTR1p0_NPR3p6.png>
Package pdftex.def Info: images/LinePlots_TKE_NTR1p0_NPR3p6.png used on input l
ine 200.
(pdftex.def)             Requested size: 180.67499pt x 145.12291pt.

<images/LinePlots_TKE_NTR1p0_NPR3p6c.png, id=102, 529.0164pt x 336.2964pt>
File: images/LinePlots_TKE_NTR1p0_NPR3p6c.png Graphic file (type png)

<use images/LinePlots_TKE_NTR1p0_NPR3p6c.png>
Package pdftex.def Info: images/LinePlots_TKE_NTR1p0_NPR3p6c.png used on input 
line 206.
(pdftex.def)             Requested size: 216.81pt x 137.82596pt.

<images/LinePlots_TKE_NTR2p0_NPR3p6.png, id=103, 418.6842pt x 336.2964pt>
File: images/LinePlots_TKE_NTR2p0_NPR3p6.png Graphic file (type png)

<use images/LinePlots_TKE_NTR2p0_NPR3p6.png>
Package pdftex.def Info: images/LinePlots_TKE_NTR2p0_NPR3p6.png used on input l
ine 212.
(pdftex.def)             Requested size: 180.67499pt x 145.12291pt.

<images/LinePlots_TKE_NTR2p0_NPR3p6c.png, id=104, 418.6842pt x 336.2964pt>
File: images/LinePlots_TKE_NTR2p0_NPR3p6c.png Graphic file (type png)

<use images/LinePlots_TKE_NTR2p0_NPR3p6c.png>
Package pdftex.def Info: images/LinePlots_TKE_NTR2p0_NPR3p6c.png used on input 
line 218.
(pdftex.def)             Requested size: 180.67499pt x 145.12291pt.

<images/LinePlots_TKE_NTR3p0_NPR3p6.png, id=105, 424.9476pt x 336.2964pt>
File: images/LinePlots_TKE_NTR3p0_NPR3p6.png Graphic file (type png)

<use images/LinePlots_TKE_NTR3p0_NPR3p6.png>
Package pdftex.def Info: images/LinePlots_TKE_NTR3p0_NPR3p6.png used on input l
ine 224.
(pdftex.def)             Requested size: 180.67499pt x 142.98308pt.

<images/LinePlots_TKE_NTR3p0_NPR3p6c.png, id=106, 418.6842pt x 336.2964pt>
File: images/LinePlots_TKE_NTR3p0_NPR3p6c.png Graphic file (type png)

<use images/LinePlots_TKE_NTR3p0_NPR3p6c.png>
Package pdftex.def Info: images/LinePlots_TKE_NTR3p0_NPR3p6c.png used on input 
line 230.
(pdftex.def)             Requested size: 180.67499pt x 145.12291pt.

Underfull \hbox (badness 10000) in paragraph at lines 198--234
[]$[]$$[]$
 []


Underfull \hbox (badness 10000) in paragraph at lines 198--234
[]$$[]$
 []

[5 <./images/Fft_Vx_NTR1p0_NPR3p6c.png> <./images/Fft_Vx_NTR2p0_NPR3p6c.png> <.
/images/Fft_Vx_NTR3p0_NPR3p6c.png>]
Package atveryend Info: Empty hook `BeforeClearDocument' on input line 242.
 [6 <./images/LinePlots_TKE_NTR1p0_NPR3p6.png> <./images/LinePlots_TKE_NTR1p0_N
PR3p6c.png> <./images/LinePlots_TKE_NTR2p0_NPR3p6.png> <./images/LinePlots_TKE_
NTR2p0_NPR3p6c.png> <./images/LinePlots_TKE_NTR3p0_NPR3p6.png> <./images/LinePl
ots_TKE_NTR3p0_NPR3p6c.png>]
Package atveryend Info: Empty hook `AfterLastShipout' on input line 242.
 (./analysis.aux)
Package atveryend Info: Executing hook `AtVeryEndDocument' on input line 242.
Package atveryend Info: Executing hook `AtEndAfterFileList' on input line 242.
Package rerunfilecheck Info: File `analysis.out' has not changed.
(rerunfilecheck)             Checksum: F9074A9BAB588E5C5810BA4FB0395F43;302.


LaTeX Warning: There were undefined references.


LaTeX Warning: There were multiply-defined labels.

Package atveryend Info: Empty hook `AtVeryVeryEnd' on input line 242.
 ) 
Here is how much of TeX's memory you used:
 7618 strings out of 493029
 118957 string characters out of 6136234
 209550 words of memory out of 5000000
 11034 multiletter control sequences out of 15000+600000
 7464 words of font info for 29 fonts, out of 8000000 for 9000
 1141 hyphenation exceptions out of 8191
 42i,8n,40p,903b,476s stack positions out of 5000i,500n,10000p,200000b,80000s
</usr/share/texlive/texmf-dist/fonts/type1/public/amsfonts/cm/cmbx10.pfb></us
r/share/texlive/texmf-dist/fonts/type1/public/amsfonts/cm/cmbx12.pfb></usr/shar
e/texlive/texmf-dist/fonts/type1/public/amsfonts/cm/cmmi10.pfb></usr/share/texl
ive/texmf-dist/fonts/type1/public/amsfonts/cm/cmmi7.pfb></usr/share/texlive/tex
mf-dist/fonts/type1/public/amsfonts/cm/cmr10.pfb></usr/share/texlive/texmf-dist
/fonts/type1/public/amsfonts/cm/cmr9.pfb>
Output written on analysis.pdf (6 pages, 12715269 bytes).
PDF statistics:
 154 PDF objects out of 1000 (max. 8388607)
 85 compressed objects within 1 object stream
 19 named destinations out of 1000 (max. 500000)
 176 words of extra memory for PDF output out of 10000 (max. 10000000)

