This is pdfTeX, Version 3.14159265-2.6-1.40.16 (TeX Live 2015/Debian) (preloaded format=pdflatex 2017.8.23)  6 DEC 2017 11:00
entering extended mode
 restricted \write18 enabled.
 %&-line parsing enabled.
**FinalReport.tex
(./FinalReport.tex
LaTeX2e <2016/02/01>
Babel <3.9q> and hyphenation patterns for 81 language(s) loaded.
(/usr/share/texlive/texmf-dist/tex/latex/base/report.cls
Document Class: report 2014/09/29 v1.4h Standard LaTeX document class
(/usr/share/texlive/texmf-dist/tex/latex/base/size11.clo
File: size11.clo 2014/09/29 v1.4h Standard LaTeX file (size option)
)
\c@part=\count79
\c@chapter=\count80
\c@section=\count81
\c@subsection=\count82
\c@subsubsection=\count83
\c@paragraph=\count84
\c@subparagraph=\count85
\c@figure=\count86
\c@table=\count87
\abovecaptionskip=\skip41
\belowcaptionskip=\skip42
\bibindent=\dimen102
)
(/usr/share/texlive/texmf-dist/tex/latex/preprint/fullpage.sty
Package: fullpage 1999/02/23 1.1 (PWD)
\FP@margin=\skip43
)
(/usr/share/texlive/texmf-dist/tex/latex/amsfonts/amsfonts.sty
Package: amsfonts 2013/01/14 v3.01 Basic AMSFonts support
\@emptytoks=\toks14
\symAMSa=\mathgroup4
\symAMSb=\mathgroup5
LaTeX Font Info:    Overwriting math alphabet `\mathfrak' in version `bold'
(Font)                  U/euf/m/n --> U/euf/b/n on input line 106.
)
(/usr/share/texlive/texmf-dist/tex/latex/graphics/graphicx.sty
Package: graphicx 2014/10/28 v1.0g Enhanced LaTeX Graphics (DPC,SPQR)

(/usr/share/texlive/texmf-dist/tex/latex/graphics/keyval.sty
Package: keyval 2014/10/28 v1.15 key=value parser (DPC)
\KV@toks@=\toks15
)
(/usr/share/texlive/texmf-dist/tex/latex/graphics/graphics.sty
Package: graphics 2016/01/03 v1.0q Standard LaTeX Graphics (DPC,SPQR)

(/usr/share/texlive/texmf-dist/tex/latex/graphics/trig.sty
Package: trig 2016/01/03 v1.10 sin cos tan (DPC)
)
(/usr/share/texlive/texmf-dist/tex/latex/latexconfig/graphics.cfg
File: graphics.cfg 2010/04/23 v1.9 graphics configuration of TeX Live
)
Package graphics Info: Driver file: pdftex.def on input line 95.

(/usr/share/texlive/texmf-dist/tex/latex/pdftex-def/pdftex.def
File: pdftex.def 2011/05/27 v0.06d Graphics/color for pdfTeX

(/usr/share/texlive/texmf-dist/tex/generic/oberdiek/infwarerr.sty
Package: infwarerr 2010/04/08 v1.3 Providing info/warning/error messages (HO)
)
(/usr/share/texlive/texmf-dist/tex/generic/oberdiek/ltxcmds.sty
Package: ltxcmds 2011/11/09 v1.22 LaTeX kernel commands for general use (HO)
)
\Gread@gobject=\count88
))
\Gin@req@height=\dimen103
\Gin@req@width=\dimen104
)
(/usr/share/texlive/texmf-dist/tex/latex/hyperref/hyperref.sty
Package: hyperref 2012/11/06 v6.83m Hypertext links for LaTeX

(/usr/share/texlive/texmf-dist/tex/generic/oberdiek/hobsub-hyperref.sty
Package: hobsub-hyperref 2012/05/28 v1.13 Bundle oberdiek, subset hyperref (HO)


(/usr/share/texlive/texmf-dist/tex/generic/oberdiek/hobsub-generic.sty
Package: hobsub-generic 2012/05/28 v1.13 Bundle oberdiek, subset generic (HO)
Package: hobsub 2012/05/28 v1.13 Construct package bundles (HO)
Package hobsub Info: Skipping package `infwarerr' (already loaded).
Package hobsub Info: Skipping package `ltxcmds' (already loaded).
Package: ifluatex 2010/03/01 v1.3 Provides the ifluatex switch (HO)
Package ifluatex Info: LuaTeX not detected.
Package: ifvtex 2010/03/01 v1.5 Detect VTeX and its facilities (HO)
Package ifvtex Info: VTeX not detected.
Package: intcalc 2007/09/27 v1.1 Expandable calculations with integers (HO)
Package: ifpdf 2011/01/30 v2.3 Provides the ifpdf switch (HO)
Package ifpdf Info: pdfTeX in PDF mode is detected.
Package: etexcmds 2011/02/16 v1.5 Avoid name clashes with e-TeX commands (HO)
Package etexcmds Info: Could not find \expanded.
(etexcmds)             That can mean that you are not using pdfTeX 1.50 or
(etexcmds)             that some package has redefined \expanded.
(etexcmds)             In the latter case, load this package earlier.
Package: kvsetkeys 2012/04/25 v1.16 Key value parser (HO)
Package: kvdefinekeys 2011/04/07 v1.3 Define keys (HO)
Package: pdftexcmds 2011/11/29 v0.20 Utility functions of pdfTeX for LuaTeX (HO
)
Package pdftexcmds Info: LuaTeX not detected.
Package pdftexcmds Info: \pdf@primitive is available.
Package pdftexcmds Info: \pdf@ifprimitive is available.
Package pdftexcmds Info: \pdfdraftmode found.
Package: pdfescape 2011/11/25 v1.13 Implements pdfTeX's escape features (HO)
Package: bigintcalc 2012/04/08 v1.3 Expandable calculations on big integers (HO
)
Package: bitset 2011/01/30 v1.1 Handle bit-vector datatype (HO)
Package: uniquecounter 2011/01/30 v1.2 Provide unlimited unique counter (HO)
)
Package hobsub Info: Skipping package `hobsub' (already loaded).
Package: letltxmacro 2010/09/02 v1.4 Let assignment for LaTeX macros (HO)
Package: hopatch 2012/05/28 v1.2 Wrapper for package hooks (HO)
Package: xcolor-patch 2011/01/30 xcolor patch
Package: atveryend 2011/06/30 v1.8 Hooks at the very end of document (HO)
Package atveryend Info: \enddocument detected (standard20110627).
Package: atbegshi 2011/10/05 v1.16 At begin shipout hook (HO)
Package: refcount 2011/10/16 v3.4 Data extraction from label references (HO)
Package: hycolor 2011/01/30 v1.7 Color options for hyperref/bookmark (HO)
)
(/usr/share/texlive/texmf-dist/tex/generic/ifxetex/ifxetex.sty
Package: ifxetex 2010/09/12 v0.6 Provides ifxetex conditional
)
(/usr/share/texlive/texmf-dist/tex/latex/oberdiek/auxhook.sty
Package: auxhook 2011/03/04 v1.3 Hooks for auxiliary files (HO)
)
(/usr/share/texlive/texmf-dist/tex/latex/oberdiek/kvoptions.sty
Package: kvoptions 2011/06/30 v3.11 Key value format for package options (HO)
)
\@linkdim=\dimen105
\Hy@linkcounter=\count89
\Hy@pagecounter=\count90

(/usr/share/texlive/texmf-dist/tex/latex/hyperref/pd1enc.def
File: pd1enc.def 2012/11/06 v6.83m Hyperref: PDFDocEncoding definition (HO)
)
\Hy@SavedSpaceFactor=\count91

(/usr/share/texlive/texmf-dist/tex/latex/latexconfig/hyperref.cfg
File: hyperref.cfg 2002/06/06 v1.2 hyperref configuration of TeXLive
)
Package hyperref Info: Hyper figures OFF on input line 4443.
Package hyperref Info: Link nesting OFF on input line 4448.
Package hyperref Info: Hyper index ON on input line 4451.
Package hyperref Info: Plain pages OFF on input line 4458.
Package hyperref Info: Backreferencing OFF on input line 4463.
Package hyperref Info: Implicit mode ON; LaTeX internals redefined.
Package hyperref Info: Bookmarks ON on input line 4688.
\c@Hy@tempcnt=\count92

(/usr/share/texlive/texmf-dist/tex/latex/url/url.sty
\Urlmuskip=\muskip10
Package: url 2013/09/16  ver 3.4  Verb mode for urls, etc.
)
LaTeX Info: Redefining \url on input line 5041.
\XeTeXLinkMargin=\dimen106
\Fld@menulength=\count93
\Field@Width=\dimen107
\Fld@charsize=\dimen108
Package hyperref Info: Hyper figures OFF on input line 6295.
Package hyperref Info: Link nesting OFF on input line 6300.
Package hyperref Info: Hyper index ON on input line 6303.
Package hyperref Info: backreferencing OFF on input line 6310.
Package hyperref Info: Link coloring OFF on input line 6315.
Package hyperref Info: Link coloring with OCG OFF on input line 6320.
Package hyperref Info: PDF/A mode OFF on input line 6325.
LaTeX Info: Redefining \ref on input line 6365.
LaTeX Info: Redefining \pageref on input line 6369.
\Hy@abspage=\count94
\c@Item=\count95
\c@Hfootnote=\count96
)

Package hyperref Message: Driver (autodetected): hpdftex.

(/usr/share/texlive/texmf-dist/tex/latex/hyperref/hpdftex.def
File: hpdftex.def 2012/11/06 v6.83m Hyperref driver for pdfTeX
\Fld@listcount=\count97
\c@bookmark@seq@number=\count98

(/usr/share/texlive/texmf-dist/tex/latex/oberdiek/rerunfilecheck.sty
Package: rerunfilecheck 2011/04/15 v1.7 Rerun checks for auxiliary files (HO)
Package uniquecounter Info: New unique counter `rerunfilecheck' on input line 2
82.
)
\Hy@SectionHShift=\skip44
)
(/usr/share/texlive/texmf-dist/tex/latex/pdfpages/pdfpages.sty
Package: pdfpages 2015/09/18 v0.5d Insert pages of external PDF documents (AM)

(/usr/share/texlive/texmf-dist/tex/latex/base/ifthen.sty
Package: ifthen 2014/09/29 v1.1c Standard LaTeX ifthen package (DPC)
)
(/usr/share/texlive/texmf-dist/tex/latex/tools/calc.sty
Package: calc 2014/10/28 v4.3 Infix arithmetic (KKT,FJ)
\calc@Acount=\count99
\calc@Bcount=\count100
\calc@Adimen=\dimen109
\calc@Bdimen=\dimen110
\calc@Askip=\skip45
\calc@Bskip=\skip46
LaTeX Info: Redefining \setlength on input line 80.
LaTeX Info: Redefining \addtolength on input line 81.
\calc@Ccount=\count101
\calc@Cskip=\skip47
)
(/usr/share/texlive/texmf-dist/tex/latex/eso-pic/eso-pic.sty
Package: eso-pic 2015/07/21 v2.0g eso-pic (RN)

(/usr/share/texlive/texmf-dist/tex/latex/xcolor/xcolor.sty
Package: xcolor 2007/01/21 v2.11 LaTeX color extensions (UK)

(/usr/share/texlive/texmf-dist/tex/latex/latexconfig/color.cfg
File: color.cfg 2007/01/18 v1.5 color configuration of teTeX/TeXLive
)
Package xcolor Info: Driver file: pdftex.def on input line 225.
Package xcolor Info: Model `cmy' substituted by `cmy0' on input line 1337.
Package xcolor Info: Model `hsb' substituted by `rgb' on input line 1341.
Package xcolor Info: Model `RGB' extended on input line 1353.
Package xcolor Info: Model `HTML' substituted by `rgb' on input line 1355.
Package xcolor Info: Model `Hsb' substituted by `hsb' on input line 1356.
Package xcolor Info: Model `tHsb' substituted by `hsb' on input line 1357.
Package xcolor Info: Model `HSB' substituted by `hsb' on input line 1358.
Package xcolor Info: Model `Gray' substituted by `gray' on input line 1359.
Package xcolor Info: Model `wave' substituted by `hsb' on input line 1360.
))
\AM@pagewidth=\dimen111
\AM@pageheight=\dimen112

(/usr/share/texlive/texmf-dist/tex/latex/pdfpages/pppdftex.def
File: pppdftex.def 2015/09/18 v0.5d Pdfpages driver for pdfTeX (AM)
)
\AM@pagebox=\box26
\AM@toc@title=\toks16
\c@AM@survey=\count102
\AM@templatesizebox=\box27
)
(/usr/share/texlive/texmf-dist/tex/latex/float/float.sty
Package: float 2001/11/08 v1.3d Float enhancements (AL)
\c@float@type=\count103
\float@exts=\toks17
\float@box=\box28
\@float@everytoks=\toks18
\@floatcapt=\box29
)
(/usr/share/texlive/texmf-dist/tex/latex/caption/subcaption.sty
Package: subcaption 2016/02/20 v1.1-142 Sub-captions (AR)

(/usr/share/texlive/texmf-dist/tex/latex/caption/caption.sty
Package: caption 2016/02/21 v3.3-144 Customizing captions (AR)

(/usr/share/texlive/texmf-dist/tex/latex/caption/caption3.sty
Package: caption3 2016/02/04 v1.7-139 caption3 kernel (AR)
Package caption3 Info: TeX engine: e-TeX on input line 67.
\captionmargin=\dimen113
\captionmargin@=\dimen114
\captionwidth=\dimen115
\caption@tempdima=\dimen116
\caption@indent=\dimen117
\caption@parindent=\dimen118
\caption@hangindent=\dimen119
)
\c@ContinuedFloat=\count104
Package caption Info: float package is loaded.
Package caption Info: hyperref package is loaded.
)
\c@subfigure=\count105
\c@subtable=\count106
)
(/usr/share/texlive/texmf-dist/tex/latex/listings/listings.sty
\lst@mode=\count107
\lst@gtempboxa=\box30
\lst@token=\toks19
\lst@length=\count108
\lst@currlwidth=\dimen120
\lst@column=\count109
\lst@pos=\count110
\lst@lostspace=\dimen121
\lst@width=\dimen122
\lst@newlines=\count111
\lst@lineno=\count112
\lst@maxwidth=\dimen123

(/usr/share/texlive/texmf-dist/tex/latex/listings/lstmisc.sty
File: lstmisc.sty 2015/06/04 1.6 (Carsten Heinz)
\c@lstnumber=\count113
\lst@skipnumbers=\count114
\lst@framebox=\box31
)
(/usr/share/texlive/texmf-dist/tex/latex/listings/listings.cfg
File: listings.cfg 2015/06/04 1.6 listings configuration
))
Package: listings 2015/06/04 1.6 (Carsten Heinz)

(./FinalReport.aux

LaTeX Warning: Label `fig:setup1' multiply defined.


LaTeX Warning: Label `sub@fig:setup1' multiply defined.


LaTeX Warning: Label `fig:setup2' multiply defined.


LaTeX Warning: Label `sub@fig:setup2' multiply defined.


LaTeX Warning: Label `fig:setup2' multiply defined.


LaTeX Warning: Label `sub@fig:setup2' multiply defined.


LaTeX Warning: Label `fig:setup1' multiply defined.


LaTeX Warning: Label `sub@fig:setup1' multiply defined.


LaTeX Warning: Label `fig:setup2' multiply defined.


LaTeX Warning: Label `sub@fig:setup2' multiply defined.


LaTeX Warning: Label `fig:setup2' multiply defined.


LaTeX Warning: Label `sub@fig:setup2' multiply defined.


LaTeX Warning: Label `fig:setup2' multiply defined.


LaTeX Warning: Label `sub@fig:setup2' multiply defined.


LaTeX Warning: Label `fig:setup2' multiply defined.


LaTeX Warning: Label `sub@fig:setup2' multiply defined.


LaTeX Warning: Label `fig:setup1' multiply defined.


LaTeX Warning: Label `sub@fig:setup1' multiply defined.


LaTeX Warning: Label `fig:setup2' multiply defined.


LaTeX Warning: Label `sub@fig:setup2' multiply defined.


LaTeX Warning: Label `fig:setup1' multiply defined.


LaTeX Warning: Label `sub@fig:setup1' multiply defined.


LaTeX Warning: Label `fig:setup2' multiply defined.


LaTeX Warning: Label `sub@fig:setup2' multiply defined.


LaTeX Warning: Label `fig:setup1' multiply defined.


LaTeX Warning: Label `sub@fig:setup1' multiply defined.


LaTeX Warning: Label `fig:setup2' multiply defined.


LaTeX Warning: Label `sub@fig:setup2' multiply defined.


LaTeX Warning: Label `fig:setup1' multiply defined.


LaTeX Warning: Label `sub@fig:setup1' multiply defined.


LaTeX Warning: Label `fig:setup2' multiply defined.


LaTeX Warning: Label `sub@fig:setup2' multiply defined.


LaTeX Warning: Label `fig:setup1' multiply defined.


LaTeX Warning: Label `sub@fig:setup1' multiply defined.


LaTeX Warning: Label `fig:setup2' multiply defined.


LaTeX Warning: Label `sub@fig:setup2' multiply defined.


LaTeX Warning: Label `fig:setup1' multiply defined.


LaTeX Warning: Label `sub@fig:setup1' multiply defined.


LaTeX Warning: Label `fig:setup2' multiply defined.


LaTeX Warning: Label `sub@fig:setup2' multiply defined.


LaTeX Warning: Label `fig:setup1' multiply defined.


LaTeX Warning: Label `sub@fig:setup1' multiply defined.


LaTeX Warning: Label `fig:setup1' multiply defined.


LaTeX Warning: Label `sub@fig:setup1' multiply defined.


LaTeX Warning: Label `fig:setup2' multiply defined.


LaTeX Warning: Label `sub@fig:setup2' multiply defined.


LaTeX Warning: Label `fig:setup1' multiply defined.


LaTeX Warning: Label `sub@fig:setup1' multiply defined.


LaTeX Warning: Label `fig:setup2' multiply defined.


LaTeX Warning: Label `sub@fig:setup2' multiply defined.


LaTeX Warning: Label `fig:setup1' multiply defined.


LaTeX Warning: Label `sub@fig:setup1' multiply defined.


LaTeX Warning: Label `fig:setup2' multiply defined.


LaTeX Warning: Label `sub@fig:setup2' multiply defined.

)
\openout1 = `FinalReport.aux'.

LaTeX Font Info:    Checking defaults for OML/cmm/m/it on input line 16.
LaTeX Font Info:    ... okay on input line 16.
LaTeX Font Info:    Checking defaults for T1/cmr/m/n on input line 16.
LaTeX Font Info:    ... okay on input line 16.
LaTeX Font Info:    Checking defaults for OT1/cmr/m/n on input line 16.
LaTeX Font Info:    ... okay on input line 16.
LaTeX Font Info:    Checking defaults for OMS/cmsy/m/n on input line 16.
LaTeX Font Info:    ... okay on input line 16.
LaTeX Font Info:    Checking defaults for OMX/cmex/m/n on input line 16.
LaTeX Font Info:    ... okay on input line 16.
LaTeX Font Info:    Checking defaults for U/cmr/m/n on input line 16.
LaTeX Font Info:    ... okay on input line 16.
LaTeX Font Info:    Checking defaults for PD1/pdf/m/n on input line 16.
LaTeX Font Info:    ... okay on input line 16.
 (/usr/share/texlive/texmf-dist/tex/context/base/supp-pdf.mkii
[Loading MPS to PDF converter (version 2006.09.02).]
\scratchcounter=\count115
\scratchdimen=\dimen124
\scratchbox=\box32
\nofMPsegments=\count116
\nofMParguments=\count117
\everyMPshowfont=\toks20
\MPscratchCnt=\count118
\MPscratchDim=\dimen125
\MPnumerator=\count119
\makeMPintoPDFobject=\count120
\everyMPtoPDFconversion=\toks21
) (/usr/share/texlive/texmf-dist/tex/latex/oberdiek/epstopdf-base.sty
Package: epstopdf-base 2010/02/09 v2.5 Base part for package epstopdf

(/usr/share/texlive/texmf-dist/tex/latex/oberdiek/grfext.sty
Package: grfext 2010/08/19 v1.1 Manage graphics extensions (HO)
)
Package grfext Info: Graphics extension search list:
(grfext)             [.png,.pdf,.jpg,.mps,.jpeg,.jbig2,.jb2,.PNG,.PDF,.JPG,.JPE
G,.JBIG2,.JB2,.eps]
(grfext)             \AppendGraphicsExtensions on input line 452.

(/usr/share/texlive/texmf-dist/tex/latex/latexconfig/epstopdf-sys.cfg
File: epstopdf-sys.cfg 2010/07/13 v1.3 Configuration of (r)epstopdf for TeX Liv
e
))
\AtBeginShipoutBox=\box33
Package hyperref Info: Link coloring OFF on input line 16.

(/usr/share/texlive/texmf-dist/tex/latex/hyperref/nameref.sty
Package: nameref 2012/10/27 v2.43 Cross-referencing by name of section

(/usr/share/texlive/texmf-dist/tex/generic/oberdiek/gettitlestring.sty
Package: gettitlestring 2010/12/03 v1.4 Cleanup title references (HO)
)
\c@section@level=\count121
)
LaTeX Info: Redefining \ref on input line 16.
LaTeX Info: Redefining \pageref on input line 16.
LaTeX Info: Redefining \nameref on input line 16.

(./FinalReport.out) (./FinalReport.out)
\@outlinefile=\write3
\openout3 = `FinalReport.out'.


(/usr/share/texlive/texmf-dist/tex/latex/oberdiek/pdflscape.sty
Package: pdflscape 2008/08/11 v0.10 Display of landscape pages in PDF (HO)

(/usr/share/texlive/texmf-dist/tex/latex/graphics/lscape.sty
Package: lscape 2000/10/22 v3.01 Landscape Pages (DPC)
)
Package pdflscape Info: Auto-detected driver: pdftex on input line 80.
)
Package caption Info: Begin \AtBeginDocument code.
Package caption Info: listings package is loaded.
Package caption Info: End \AtBeginDocument code.
\c@lstlisting=\count122

<images/uclogo.png, id=64, 300.12125pt x 169.63374pt>
File: images/uclogo.png Graphic file (type png)
 <use images/uclogo.png>
Package pdftex.def Info: images/uclogo.png used on input line 27.
(pdftex.def)             Requested size: 140.92793pt x 79.65538pt.

[1

{/var/lib/texmf/fonts/map/pdftex/updmap/pdftex.map} <./images/uclogo.png>]
(./FinalReport.toc
LaTeX Font Info:    Try loading font information for U+msa on input line 2.
 (/usr/share/texlive/texmf-dist/tex/latex/amsfonts/umsa.fd
File: umsa.fd 2013/01/14 v3.01 AMS symbols A
)
LaTeX Font Info:    Try loading font information for U+msb on input line 2.

(/usr/share/texlive/texmf-dist/tex/latex/amsfonts/umsb.fd
File: umsb.fd 2013/01/14 v3.01 AMS symbols B
))
\tf@toc=\write4
\openout4 = `FinalReport.toc'.

 (./introduction.tex [0


]
Chapter 1.

Underfull \hbox (badness 10000) in paragraph at lines 19--20

 []

<images/noise.png, id=100, 610.28pt x 577.15625pt>
File: images/noise.png Graphic file (type png)
 <use images/noise.png>
Package pdftex.def Info: images/noise.png used on input line 23.
(pdftex.def)             Requested size: 216.81pt x 205.046pt.

Underfull \hbox (badness 10000) in paragraph at lines 28--30

 []

pdfTeX warning (ext4): destination with the same identifier (name{page.1}) has 
been already used, duplicate ignored
<to be read again> 
                   \relax 
l.32 \noindent
               [1

 <./images/noise.png>]
Underfull \hbox (badness 10000) in paragraph at lines 32--35

 []


Underfull \hbox (badness 10000) in paragraph at lines 37--39

 []

) (./methodology.tex [2]
Chapter 2.

Underfull \hbox (badness 10000) in paragraph at lines 19--20

 []

<images/setup.png, id=118, 546.04pt x 503.8825pt>
File: images/setup.png Graphic file (type png)
 <use images/setup.png>
Package pdftex.def Info: images/setup.png used on input line 24.
(pdftex.def)             Requested size: 216.81pt x 200.07321pt.

<images/nozzles.png, id=119, 342.27875pt x 147.55125pt>
File: images/nozzles.png Graphic file (type png)

<use images/nozzles.png>
Package pdftex.def Info: images/nozzles.png used on input line 30.
(pdftex.def)             Requested size: 216.81pt x 93.46658pt.
 [3

 <./images/setup.png> <./images/nozzles.png>]
<images/2dsample.png, id=132, 1663.6554pt x 1570.4271pt>
File: images/2dsample.png Graphic file (type png)

<use images/2dsample.png>
Package pdftex.def Info: images/2dsample.png used on input line 44.
(pdftex.def)             Requested size: 216.81pt x 204.64194pt.

<images/lineplotsample.png, id=134, 412.1799pt x 336.2964pt>
File: images/lineplotsample.png Graphic file (type png)

<use images/lineplotsample.png>
Package pdftex.def Info: images/lineplotsample.png used on input line 50.
(pdftex.def)             Requested size: 216.81pt x 176.89693pt.

<images/fftsample.png, id=137, 476.2593pt x 372.4314pt>
File: images/fftsample.png Graphic file (type png)

<use images/fftsample.png>
Package pdftex.def Info: images/fftsample.png used on input line 67.
(pdftex.def)             Requested size: 108.405pt x 84.77089pt.

<images/spectogramsample.png, id=138, 1300.86pt x 650.43pt>
File: images/spectogramsample.png Graphic file (type png)

<use images/spectogramsample.png>
Package pdftex.def Info: images/spectogramsample.png used on input line 73.
(pdftex.def)             Requested size: 180.67499pt x 90.33507pt.
 [4 <./images/2dsample.png> <./images/lineplotsample.png>]) (./analysis.tex [5 
<./images/fftsample.png> <./images/spectogramsample.png>]
Chapter 3.
<images/PIV_NTR1p5_NPR2p5.png, id=163, 1679.5548pt x 1570.4271pt>
File: images/PIV_NTR1p5_NPR2p5.png Graphic file (type png)

<use images/PIV_NTR1p5_NPR2p5.png>
Package pdftex.def Info: images/PIV_NTR1p5_NPR2p5.png used on input line 22.
(pdftex.def)             Requested size: 166.2212pt x 155.39847pt.

<images/PIV_NTR1p5_NPR3p6.png, id=164, 1663.6554pt x 1570.4271pt>
File: images/PIV_NTR1p5_NPR3p6.png Graphic file (type png)

<use images/PIV_NTR1p5_NPR3p6.png>
Package pdftex.def Info: images/PIV_NTR1p5_NPR3p6.png used on input line 28.
(pdftex.def)             Requested size: 166.2212pt x 156.88417pt.

<images/PIV_NTR1p5_NPR4p5.png, id=165, 1663.6554pt x 1570.4271pt>
File: images/PIV_NTR1p5_NPR4p5.png Graphic file (type png)

<use images/PIV_NTR1p5_NPR4p5.png>
Package pdftex.def Info: images/PIV_NTR1p5_NPR4p5.png used on input line 34.
(pdftex.def)             Requested size: 166.2212pt x 156.88417pt.

Underfull \hbox (badness 10000) in paragraph at lines 20--38
[]$[]$$[]$
 []


Underfull \hbox (badness 10000) in paragraph at lines 43--44

 []

[6

 <./images/PIV_NTR1p5_NPR2p5.png> <./images/PIV_NTR1p5_NPR3p6.png> <./images/PI
V_NTR1p5_NPR4p5.png>]
<images/Fft_Vx_NTR1p5_NPR2p5.png, id=176, 476.2593pt x 372.9132pt>
File: images/Fft_Vx_NTR1p5_NPR2p5.png Graphic file (type png)

<use images/Fft_Vx_NTR1p5_NPR2p5.png>
Package pdftex.def Info: images/Fft_Vx_NTR1p5_NPR2p5.png used on input line 48.

(pdftex.def)             Requested size: 180.67499pt x 141.4695pt.

<images/Fft_Vx_NTR1p5_NPR3p0.png, id=177, 476.2593pt x 372.9132pt>
File: images/Fft_Vx_NTR1p5_NPR3p0.png Graphic file (type png)

<use images/Fft_Vx_NTR1p5_NPR3p0.png>
Package pdftex.def Info: images/Fft_Vx_NTR1p5_NPR3p0.png used on input line 54.

(pdftex.def)             Requested size: 180.67499pt x 141.4695pt.

<images/Fft_Vx_NTR1p5_NPR3p6.png, id=178, 476.2593pt x 372.9132pt>
File: images/Fft_Vx_NTR1p5_NPR3p6.png Graphic file (type png)

<use images/Fft_Vx_NTR1p5_NPR3p6.png>
Package pdftex.def Info: images/Fft_Vx_NTR1p5_NPR3p6.png used on input line 60.

(pdftex.def)             Requested size: 180.67499pt x 141.4695pt.

<images/Fft_Vx_NTR1p5_NPR4p0.png, id=179, 476.2593pt x 372.9132pt>
File: images/Fft_Vx_NTR1p5_NPR4p0.png Graphic file (type png)

<use images/Fft_Vx_NTR1p5_NPR4p0.png>
Package pdftex.def Info: images/Fft_Vx_NTR1p5_NPR4p0.png used on input line 66.

(pdftex.def)             Requested size: 180.67499pt x 141.4695pt.

<images/Fft_Vx_NTR1p5_NPR4p5.png, id=180, 476.2593pt x 372.9132pt>
File: images/Fft_Vx_NTR1p5_NPR4p5.png Graphic file (type png)

<use images/Fft_Vx_NTR1p5_NPR4p5.png>
Package pdftex.def Info: images/Fft_Vx_NTR1p5_NPR4p5.png used on input line 72.

(pdftex.def)             Requested size: 180.67499pt x 141.4695pt.

Underfull \hbox (badness 10000) in paragraph at lines 46--76
[]$[]$$[]$
 []


Overfull \hbox (2.43332pt too wide) in paragraph at lines 46--76
[]$ $[]$
 []


Underfull \hbox (badness 10000) in paragraph at lines 80--81

 []

[7 <./images/Fft_Vx_NTR1p5_NPR2p5.png> <./images/Fft_Vx_NTR1p5_NPR3p0.png> <./i
mages/Fft_Vx_NTR1p5_NPR3p6.png> <./images/Fft_Vx_NTR1p5_NPR4p0.png> <./images/F
ft_Vx_NTR1p5_NPR4p5.png>]
Underfull \hbox (badness 10000) in paragraph at lines 82--83

 []


Underfull \hbox (badness 10000) in paragraph at lines 85--86

 []

<images/LinePlots_Vx_NTR1p0_NPR3p6.png, id=195, 516.2487pt x 336.2964pt>
File: images/LinePlots_Vx_NTR1p0_NPR3p6.png Graphic file (type png)

<use images/LinePlots_Vx_NTR1p0_NPR3p6.png>
Package pdftex.def Info: images/LinePlots_Vx_NTR1p0_NPR3p6.png used on input li
ne 90.
(pdftex.def)             Requested size: 216.81pt x 141.23839pt.

<images/LinePlots_Vx_NTR1p5_NPR3p6.png, id=196, 412.1799pt x 336.2964pt>
File: images/LinePlots_Vx_NTR1p5_NPR3p6.png Graphic file (type png)

<use images/LinePlots_Vx_NTR1p5_NPR3p6.png>
Package pdftex.def Info: images/LinePlots_Vx_NTR1p5_NPR3p6.png used on input li
ne 96.
(pdftex.def)             Requested size: 180.67499pt x 147.41154pt.

Underfull \hbox (badness 10000) in paragraph at lines 104--105

 []

<images/Spectogram_Vx_NTR2p5_NPR2p5.png, id=200, 1300.86pt x 650.43pt>
File: images/Spectogram_Vx_NTR2p5_NPR2p5.png Graphic file (type png)

<use images/Spectogram_Vx_NTR2p5_NPR2p5.png>
Package pdftex.def Info: images/Spectogram_Vx_NTR2p5_NPR2p5.png used on input l
ine 109.
(pdftex.def)             Requested size: 216.81pt x 108.39812pt.

<images/Spectogram_Vx_NTR2p5_NPR3p0.png, id=201, 1300.86pt x 650.43pt>
File: images/Spectogram_Vx_NTR2p5_NPR3p0.png Graphic file (type png)

<use images/Spectogram_Vx_NTR2p5_NPR3p0.png>
Package pdftex.def Info: images/Spectogram_Vx_NTR2p5_NPR3p0.png used on input l
ine 115.
(pdftex.def)             Requested size: 216.81pt x 108.39812pt.

<images/Spectogram_Vx_NTR2p5_NPR3p6.png, id=202, 1300.86pt x 650.43pt>
File: images/Spectogram_Vx_NTR2p5_NPR3p6.png Graphic file (type png)

<use images/Spectogram_Vx_NTR2p5_NPR3p6.png>
Package pdftex.def Info: images/Spectogram_Vx_NTR2p5_NPR3p6.png used on input l
ine 121.
(pdftex.def)             Requested size: 216.81pt x 108.39812pt.

<images/Spectogram_Vx_NTR2p5_NPR4p0.png, id=203, 1300.86pt x 650.43pt>
File: images/Spectogram_Vx_NTR2p5_NPR4p0.png Graphic file (type png)

<use images/Spectogram_Vx_NTR2p5_NPR4p0.png>
Package pdftex.def Info: images/Spectogram_Vx_NTR2p5_NPR4p0.png used on input l
ine 127.
(pdftex.def)             Requested size: 216.81pt x 108.39812pt.
 [8 <./images/LinePlots_Vx_NTR1p0_NPR3p6.png> <./images/LinePlots_Vx_NTR1p5_NPR
3p6.png>]
<images/Spectogram_TKE_NTR2p5_NPR2p5.png, id=213, 1300.86pt x 650.43pt>
File: images/Spectogram_TKE_NTR2p5_NPR2p5.png Graphic file (type png)

<use images/Spectogram_TKE_NTR2p5_NPR2p5.png>
Package pdftex.def Info: images/Spectogram_TKE_NTR2p5_NPR2p5.png used on input 
line 138.
(pdftex.def)             Requested size: 216.81pt x 108.39812pt.

<images/Spectogram_TKE_NTR2p5_NPR3p0.png, id=214, 1300.86pt x 650.43pt>
File: images/Spectogram_TKE_NTR2p5_NPR3p0.png Graphic file (type png)

<use images/Spectogram_TKE_NTR2p5_NPR3p0.png>
Package pdftex.def Info: images/Spectogram_TKE_NTR2p5_NPR3p0.png used on input 
line 144.
(pdftex.def)             Requested size: 216.81pt x 108.39812pt.

<images/Spectogram_TKE_NTR2p5_NPR3p6.png, id=215, 1300.86pt x 650.43pt>
File: images/Spectogram_TKE_NTR2p5_NPR3p6.png Graphic file (type png)

<use images/Spectogram_TKE_NTR2p5_NPR3p6.png>
Package pdftex.def Info: images/Spectogram_TKE_NTR2p5_NPR3p6.png used on input 
line 150.
(pdftex.def)             Requested size: 216.81pt x 108.39812pt.

<images/Spectogram_TKE_NTR2p5_NPR4p0.png, id=216, 1300.86pt x 650.43pt>
File: images/Spectogram_TKE_NTR2p5_NPR4p0.png Graphic file (type png)

<use images/Spectogram_TKE_NTR2p5_NPR4p0.png>
Package pdftex.def Info: images/Spectogram_TKE_NTR2p5_NPR4p0.png used on input 
line 156.
(pdftex.def)             Requested size: 216.81pt x 108.39812pt.
 [9 <./images/Spectogram_Vx_NTR2p5_NPR2p5.png> <./images/Spectogram_Vx_NTR2p5_N
PR3p0.png> <./images/Spectogram_Vx_NTR2p5_NPR3p6.png> <./images/Spectogram_Vx_N
TR2p5_NPR4p0.png> <./images/Spectogram_TKE_NTR2p5_NPR2p5.png> <./images/Spectog
ram_TKE_NTR2p5_NPR3p0.png> <./images/Spectogram_TKE_NTR2p5_NPR3p6.png> <./image
s/Spectogram_TKE_NTR2p5_NPR4p0.png>] <images/Fft_Vx_NTR1p0_NPR3p6c.png, id=231,
 476.2593pt x 372.9132pt>
File: images/Fft_Vx_NTR1p0_NPR3p6c.png Graphic file (type png)

<use images/Fft_Vx_NTR1p0_NPR3p6c.png>
Package pdftex.def Info: images/Fft_Vx_NTR1p0_NPR3p6c.png used on input line 17
1.
(pdftex.def)             Requested size: 216.81pt x 169.76111pt.

<images/Fft_Vx_NTR2p0_NPR3p6c.png, id=232, 476.2593pt x 372.9132pt>
File: images/Fft_Vx_NTR2p0_NPR3p6c.png Graphic file (type png)

<use images/Fft_Vx_NTR2p0_NPR3p6c.png>
Package pdftex.def Info: images/Fft_Vx_NTR2p0_NPR3p6c.png used on input line 17
7.
(pdftex.def)             Requested size: 216.81pt x 169.76111pt.

<images/Fft_Vx_NTR3p0_NPR3p6c.png, id=233, 476.2593pt x 372.9132pt>
File: images/Fft_Vx_NTR3p0_NPR3p6c.png Graphic file (type png)

<use images/Fft_Vx_NTR3p0_NPR3p6c.png>
Package pdftex.def Info: images/Fft_Vx_NTR3p0_NPR3p6c.png used on input line 18
3.
(pdftex.def)             Requested size: 216.81pt x 169.76111pt.

Underfull \hbox (badness 10000) in paragraph at lines 169--187
[]$[]$$[]$
 []

[10 <./images/Fft_Vx_NTR1p0_NPR3p6c.png> <./images/Fft_Vx_NTR2p0_NPR3p6c.png> <
./images/Fft_Vx_NTR3p0_NPR3p6c.png>]
<images/LinePlots_TKE_NTR1p0_NPR3p6.png, id=246, 418.6842pt x 336.2964pt>
File: images/LinePlots_TKE_NTR1p0_NPR3p6.png Graphic file (type png)

<use images/LinePlots_TKE_NTR1p0_NPR3p6.png>
Package pdftex.def Info: images/LinePlots_TKE_NTR1p0_NPR3p6.png used on input l
ine 196.
(pdftex.def)             Requested size: 180.67499pt x 145.12291pt.

<images/LinePlots_TKE_NTR1p0_NPR3p6c.png, id=247, 529.0164pt x 336.2964pt>
File: images/LinePlots_TKE_NTR1p0_NPR3p6c.png Graphic file (type png)

<use images/LinePlots_TKE_NTR1p0_NPR3p6c.png>
Package pdftex.def Info: images/LinePlots_TKE_NTR1p0_NPR3p6c.png used on input 
line 202.
(pdftex.def)             Requested size: 216.81pt x 137.82596pt.

<images/LinePlots_TKE_NTR2p0_NPR3p6.png, id=248, 418.6842pt x 336.2964pt>
File: images/LinePlots_TKE_NTR2p0_NPR3p6.png Graphic file (type png)

<use images/LinePlots_TKE_NTR2p0_NPR3p6.png>
Package pdftex.def Info: images/LinePlots_TKE_NTR2p0_NPR3p6.png used on input l
ine 208.
(pdftex.def)             Requested size: 180.67499pt x 145.12291pt.

<images/LinePlots_TKE_NTR2p0_NPR3p6c.png, id=249, 418.6842pt x 336.2964pt>
File: images/LinePlots_TKE_NTR2p0_NPR3p6c.png Graphic file (type png)

<use images/LinePlots_TKE_NTR2p0_NPR3p6c.png>
Package pdftex.def Info: images/LinePlots_TKE_NTR2p0_NPR3p6c.png used on input 
line 214.
(pdftex.def)             Requested size: 180.67499pt x 145.12291pt.

<images/LinePlots_TKE_NTR3p0_NPR3p6.png, id=250, 424.9476pt x 336.2964pt>
File: images/LinePlots_TKE_NTR3p0_NPR3p6.png Graphic file (type png)

<use images/LinePlots_TKE_NTR3p0_NPR3p6.png>
Package pdftex.def Info: images/LinePlots_TKE_NTR3p0_NPR3p6.png used on input l
ine 220.
(pdftex.def)             Requested size: 180.67499pt x 142.98308pt.

<images/LinePlots_TKE_NTR3p0_NPR3p6c.png, id=251, 418.6842pt x 336.2964pt>
File: images/LinePlots_TKE_NTR3p0_NPR3p6c.png Graphic file (type png)

<use images/LinePlots_TKE_NTR3p0_NPR3p6c.png>
Package pdftex.def Info: images/LinePlots_TKE_NTR3p0_NPR3p6c.png used on input 
line 226.
(pdftex.def)             Requested size: 180.67499pt x 145.12291pt.

Underfull \hbox (badness 10000) in paragraph at lines 194--230
[]$[]$$[]$
 []


Underfull \hbox (badness 10000) in paragraph at lines 194--230
[]$$[]$
 []

[11 <./images/LinePlots_TKE_NTR1p0_NPR3p6.png> <./images/LinePlots_TKE_NTR1p0_N
PR3p6c.png> <./images/LinePlots_TKE_NTR2p0_NPR3p6.png> <./images/LinePlots_TKE_
NTR2p0_NPR3p6c.png> <./images/LinePlots_TKE_NTR3p0_NPR3p6.png> <./images/LinePl
ots_TKE_NTR3p0_NPR3p6c.png>]) (./bibfiles.tex [12]
Missing character: There is no â in font cmr10!
Missing character: There is no € in font cmr10!
Missing character: There is no ™ in font cmr10!
) (./pythoncode.tex [13

]
Chapter 4.
(/usr/share/texlive/texmf-dist/tex/latex/listings/lstlang1.sty
File: lstlang1.sty 2015/06/04 1.6 listings language file
)
LaTeX Font Info:    Try loading font information for OMS+cmr on input line 24.

(/usr/share/texlive/texmf-dist/tex/latex/base/omscmr.fd
File: omscmr.fd 2014/09/29 v2.5h Standard LaTeX font definitions
)
LaTeX Font Info:    Font shape `OMS/cmr/m/n' in size <10.95> not available
(Font)              Font shape `OMS/cmsy/m/n' tried instead on input line 24.

Overfull \hbox (101.84093pt too wide) in paragraph at lines 26--27
[][][][][][][][][][][][][][][][][][][][][][][][][][][][][][][][][][][][][][][][
][] 
 []


Overfull \hbox (134.69127pt too wide) in paragraph at lines 32--33
[][][][][][][][][][][][][][][][][][][][][][][][][][][][][][][][][][][][] 
 []


Overfull \hbox (121.55113pt too wide) in paragraph at lines 33--34
[][][][][][][][][][][][][][][][][][][][][][][][][][][][][][][][][][][][] 
 []


Overfull \hbox (141.26134pt too wide) in paragraph at lines 34--35
[][][][][][][][][][][][][][][][][][][][][][][][][][][][][][][][][][][][] 
 []


Overfull \hbox (128.1212pt too wide) in paragraph at lines 35--36
[][][][][][][][][][][][][][][][][][][][][][][][][][][][][][][][][][][][] 
 []


Overfull \hbox (134.69127pt too wide) in paragraph at lines 36--37
[][][][][][][][][][][][][][][][][][][][][][][][][][][][][][][][][][][][] 
 []


Overfull \hbox (121.55113pt too wide) in paragraph at lines 37--38
[][][][][][][][][][][][][][][][][][][][][][][][][][][][][][][][][][][][] 
 []


Overfull \hbox (141.26134pt too wide) in paragraph at lines 39--40
[][][][][][][][][][][][][][][][][][][][][][][][][][][][][][][][][][][][][][][][
][][][][] 
 []

[14

]
Overfull \hbox (55.85045pt too wide) in paragraph at lines 78--79
[][][][][][][][][][][][][][][][][][][][][][][][][][][][][][][][][][][][][][][][
][][][][][][][][][][][][][] 
 []


Overfull \hbox (226.67223pt too wide) in paragraph at lines 79--80
[][][][][][][][][][][][][][][][][][][][][][][][][][][][][][][][][][][][][][][][
][][][][][][][][][][][][] 
 []


Overfull \hbox (206.96202pt too wide) in paragraph at lines 81--82
[][][][][][][][][][][][][][][][][][][][][][][][][][][][][][][][][][][][][][][][
][][][][][] 
 []


Overfull \hbox (292.37291pt too wide) in paragraph at lines 86--87
[][][][][][][][][][][][][][][][][][][][][][][][][][][][][][][][][][][][][][][][
][][][][][][][][][][][][][][][][] 
 []

[15]
Overfull \hbox (206.96202pt too wide) in paragraph at lines 88--89
[][][][][][][][][][][][][][][][][][][][][][][][][][][][][][][][][][][][][][][][
][][][][][] 
 []


Overfull \hbox (128.1212pt too wide) in paragraph at lines 89--90
[][][][][][][][][][][][][][][][][][][][][] 
 []


Overfull \hbox (174.11168pt too wide) in paragraph at lines 90--91
[][][][][][][][][][][][][][][][][][][][][][][][][][][][][][][][][][][][][][][][
][][][][][][][][][][][][][][] 
 []


Overfull \hbox (187.25182pt too wide) in paragraph at lines 91--93
[][][][][][][][][][][][][][][][][][][][][][][][][][][][][][][][][][][][][][][][
][][][][][][] 
 []


Overfull \hbox (49.28038pt too wide) in paragraph at lines 95--96
[][][][][][][][][][][][][][][][][][][][][][][][][][][][][][][][][][][][][][][][
][][][][][][][][][][][][][] 
 []


Overfull \hbox (292.37291pt too wide) in paragraph at lines 96--97
[][][][][][][][][][][][][][][][][][][][][][][][][][][][][][][][][][][][][][][][
][][][][][][][][][][][][][][][][] 
 []


Overfull \hbox (114.98106pt too wide) in paragraph at lines 98--99
[][][][][][][][][][][][][][][][][][][][][][][][][][][][][][][][][][][][][][][][
][][][][][] 
 []


Overfull \hbox (68.99059pt too wide) in paragraph at lines 99--100
[][][][][][][][][][][][][][][][][][][][][] 
 []


Overfull \hbox (220.10216pt too wide) in paragraph at lines 100--101
[][][][][][][][][][][][][][][][][][][][][][][][][][][][][][][][][][][][][][][][
][][][][][][][][][][][][][][][][][][] 
 []


Overfull \hbox (141.26134pt too wide) in paragraph at lines 102--104
[][][][][][][][][][][][][][][][][][][][][][][][][][][][][][][][][][][][][][][][
][][] 
 []


Overfull \hbox (857.39879pt too wide) in paragraph at lines 105--106
[][][][][][][][][][][][][][][][][][][][][][][][][][][][][][][][][][][][][][][][
][][][][][][][][][][][][][][][][][][][][][][][][][][][][] 
 []

LaTeX Font Info:    Try loading font information for OML+cmr on input line 106.

(/usr/share/texlive/texmf-dist/tex/latex/base/omlcmr.fd
File: omlcmr.fd 2014/09/29 v2.5h Standard LaTeX font definitions
)
LaTeX Font Info:    Font shape `OML/cmr/m/n' in size <10.95> not available
(Font)              Font shape `OML/cmm/m/it' tried instead on input line 106.

Overfull \hbox (95.27086pt too wide) in paragraph at lines 109--110
[][][][][][][][][][][][][][][][][][][][][][][][][][][][][][][][][][][][][] 
 []


Overfull \hbox (857.39879pt too wide) in paragraph at lines 119--120
[][][][][][][][][][][][][][][][][][][][][][][][][][][][][][][][][][][][][][][][
][][][][][][][][][][][][][][][][][][][][][][][][][][][][] 
 []


Overfull \hbox (88.70079pt too wide) in paragraph at lines 122--123
[][][][][][][][][][][][][][][][][][][][][][][][][][][][][][][][][][][][] 
 []

[16]
Overfull \hbox (909.95934pt too wide) in paragraph at lines 133--134
[][][][][][][][][][][][][][][][][][][][][][][][][][][][][][][][][][][][][][][][
][][][][][][][][][][][][][][][][][][][][][][][][][][][][] 
 []


Overfull \hbox (88.70079pt too wide) in paragraph at lines 136--137
[][][][][][][][][][][][][][][][][][][][][][][][][][][][][][][][][][][][] 
 []


Overfull \hbox (23.0001pt too wide) in paragraph at lines 146--147
[][][][][][][][][][][][][][][][][][][][][][] 
 []


Overfull \hbox (55.85045pt too wide) in paragraph at lines 147--148
[][][][][][][][][][][][][][][][][][][][][][][][][][] 
 []


Overfull \hbox (49.28038pt too wide) in paragraph at lines 148--149
[][][][][][][][][][][][][][][][][][][][][][] 
 []


Overfull \hbox (55.85045pt too wide) in paragraph at lines 149--150
[][][][][][][][][][][][][][][][][][][][][][][][][][] 
 []


Overfull \hbox (239.81236pt too wide) in paragraph at lines 155--156
[][][][][][][][][][][][][][][][][][][][][][][][][][][][][][][][][][][][][][][][
] 
 []


Overfull \hbox (226.67223pt too wide) in paragraph at lines 157--158
[][][][][][][][][][][][][][][][][][][][][][][][][][][][][][][][][][] 
 []


Overfull \hbox (36.14024pt too wide) in paragraph at lines 160--161
[][][][][][][][][][][][][][][][][][][][][][][][][][][] 
 []

[17]
Overfull \hbox (3.2899pt too wide) in paragraph at lines 190--191
[][][][][][][][][][][][][][][][][][][][][][][][][][][][][] 
 []


Overfull \hbox (160.97154pt too wide) in paragraph at lines 191--192
[][][][][][][][][][][][][][][][][][][][][][][][][][][][][][][][][][][][][][][][
][][][][][][][][][][][][] 
 []


Overfull \hbox (134.69127pt too wide) in paragraph at lines 192--194
[][][][][][][][][][][][][][][][][][][][][][][][][][][][][][][][][][][][][][][][
]
 []


Overfull \hbox (160.97154pt too wide) in paragraph at lines 204--205
[][][][][][][][][][][][][][][][][][][][][][][][][][][][][][][][][][][][][][][][
][][][][][][][][][][][][][] 
 []


Overfull \hbox (180.68175pt too wide) in paragraph at lines 205--207
[][][][][][][][][][][][][][][][][][][][][][][][][][][][][][][][][][][][][][][][
][][] 
 []


Overfull \hbox (160.97154pt too wide) in paragraph at lines 215--216
[][][][][][][][][][][][][][][][][][][][][][][][][][][][][][][][][][][][][][][][
][][][][][][][][][][][][][] 
 []


Overfull \hbox (180.68175pt too wide) in paragraph at lines 216--218
[][][][][][][][][][][][][][][][][][][][][][][][][][][][][][][][][][][][][][][][
][][] 
 []

[18]
Overfull \hbox (82.13072pt too wide) in paragraph at lines 222--223
[][][][][][][][][][][][][][][][][][][][][][][][][][][][][][][][][][][][][][][] 

 []


Overfull \hbox (193.82188pt too wide) in paragraph at lines 223--224
[][][][][][][][][][][][][][][][][][][][][][][][][][][][][][][][][][][][][][][][
][] 
 []


Overfull \hbox (62.42052pt too wide) in paragraph at lines 224--225
[][][][][][][][][][][][][][][][][][][][][][][][][][][][][][] 
 []


Overfull \hbox (62.42052pt too wide) in paragraph at lines 225--226
[][][][][][][][][][][][][][][][][][][][][][][][][][][][][][] 
 []


Overfull \hbox (62.42052pt too wide) in paragraph at lines 226--228
[][][][][][][][][][][][][][][][][][][][][][][][][][][][][][] 
 []


Overfull \hbox (325.22325pt too wide) in paragraph at lines 234--235
[][][][][][][][][][][][][][][][][][][][][][][][][][][][][][][][][][][][][][][][
][][][][][] 
 []


Overfull \hbox (101.84093pt too wide) in paragraph at lines 235--236
[][][][][][][][][][][][][][][][][][][][][][][][][][][][][][][][][][] 
 []


Overfull \hbox (187.25182pt too wide) in paragraph at lines 236--237
[][][][][][][][][][][][][][][][][][][][][][][][][][][][][][][][][][][][][][][][
][][][][][][] 
 []


Overfull \hbox (141.26134pt too wide) in paragraph at lines 237--239
[][][][][][][][][][][][][][][][][][][][][][][][][][][][][][][][][][][][][][][][
][][] 
 []


Overfull \hbox (627.4464pt too wide) in paragraph at lines 241--242
[][][][][][][][][][][][][][][][][][][][][][][][][][][][][][][][][][][][][][][][
][][][][][][][][][][][][] 
 []


Overfull \hbox (653.72667pt too wide) in paragraph at lines 242--243
[][][][][][][][][][][][][][][][][][][][][][][][][][][][][][][][][][][][][][][][
][][][][][][][][][][][][][] 
 []


Overfull \hbox (653.72667pt too wide) in paragraph at lines 243--244
[][][][][][][][][][][][][][][][][][][][][][][][][][][][][][][][][][][][][][][][
][][][][][][][][][][][][][] 
 []


Overfull \hbox (653.72667pt too wide) in paragraph at lines 244--245
[][][][][][][][][][][][][][][][][][][][][][][][][][][][][][][][][][][][][][][][
][][][][][][][][][][][][][] 
 []


Overfull \hbox (653.72667pt too wide) in paragraph at lines 245--246
[][][][][][][][][][][][][][][][][][][][][][][][][][][][][][][][][][][][][][][][
][][][][][][][][][][][][][] 
 []


Overfull \hbox (653.72667pt too wide) in paragraph at lines 246--248
[][][][][][][][][][][][][][][][][][][][][][][][][][][][][][][][][][][][][][][][
][][][][][][][][][][][][][] 
 []


Overfull \hbox (246.38243pt too wide) in paragraph at lines 255--257
[][][][][][][][][][][][][][][][][][][][][][][][][][][][][][][][][][][][][][][][
][][][][] 
 []


Overfull \hbox (246.38243pt too wide) in paragraph at lines 261--263
[][][][][][][][][][][][][][][][][][][][][][][][][][][][][][][][][][][][][][][][
][][][][] 
 []

[19]
Overfull \hbox (246.38243pt too wide) in paragraph at lines 267--269
[][][][][][][][][][][][][][][][][][][][][][][][][][][][][][][][][][][][][][][][
][][][][] 
 []


Overfull \hbox (246.38243pt too wide) in paragraph at lines 273--275
[][][][][][][][][][][][][][][][][][][][][][][][][][][][][][][][][][][][][][][][
][][][][] 
 []


Overfull \hbox (246.38243pt too wide) in paragraph at lines 279--281
[][][][][][][][][][][][][][][][][][][][][][][][][][][][][][][][][][][][][][][][
][][][][] 
 []


Overfull \hbox (246.38243pt too wide) in paragraph at lines 285--287
[][][][][][][][][][][][][][][][][][][][][][][][][][][][][][][][][][][][][][][][
][][][][] 
 []


Overfull \hbox (371.21373pt too wide) in paragraph at lines 288--289
[][][][][][][][][][][][][][][][][][][][][][][][][][][][][][][][][][][][][][][][
][][][][][][][][][][][][][][][][][][] 
 []


Overfull \hbox (49.28038pt too wide) in paragraph at lines 290--292
[][][][][][][][][][][][][][][][][][][][][][][][][][][][][][][][][][][] 
 []


Overfull \hbox (666.8668pt too wide) in paragraph at lines 293--294
[][][][][][][][][][][][][][][][][][][][][][][][][][][][][][][][][][][][][][][][
][][][][][][][][][][][][] 
 []


Overfull \hbox (712.85728pt too wide) in paragraph at lines 294--295
[][][][][][][][][][][][][][][][][][][][][][][][][][][][][][][][][][][][][][][][
][][][][][][][][][][][][][] 
 []


Overfull \hbox (752.2777pt too wide) in paragraph at lines 295--296
[][][][][][][][][][][][][][][][][][][][][][][][][][][][][][][][][][][][][][][][
][][][][][][][][][][][][][] 
 []


Overfull \hbox (732.56749pt too wide) in paragraph at lines 296--297
[][][][][][][][][][][][][][][][][][][][][][][][][][][][][][][][][][][][][][][][
][][][][][][][][][][][][][] 
 []


Overfull \hbox (752.2777pt too wide) in paragraph at lines 297--298
[][][][][][][][][][][][][][][][][][][][][][][][][][][][][][][][][][][][][][][][
][][][][][][][][][][][][][] 
 []


Overfull \hbox (791.6981pt too wide) in paragraph at lines 298--300
[][][][][][][][][][][][][][][][][][][][][][][][][][][][][][][][][][][][][][][][
][][][][][][][][][][][][][] 
 []


Overfull \hbox (49.28038pt too wide) in paragraph at lines 304--305
[][][][][][][][][][][][][][][][][][][][][][][][][][][][][] 
 []


Overfull \hbox (246.38243pt too wide) in paragraph at lines 307--309
[][][][][][][][][][][][][][][][][][][][][][][][][][][][][][][][][][][][][][][][
][][][][] 
 []


Overfull \hbox (68.99059pt too wide) in paragraph at lines 310--311
[][][][][][][][][][][][][][][][][][][][][][][][][][][][][] 
 []

[20]
Overfull \hbox (246.38243pt too wide) in paragraph at lines 313--315
[][][][][][][][][][][][][][][][][][][][][][][][][][][][][][][][][][][][][][][][
][][][][] 
 []


Overfull \hbox (68.99059pt too wide) in paragraph at lines 316--317
[][][][][][][][][][][][][][][][][][][][][][][][][][][][][] 
 []


Overfull \hbox (246.38243pt too wide) in paragraph at lines 319--321
[][][][][][][][][][][][][][][][][][][][][][][][][][][][][][][][][][][][][][][][
][][][][] 
 []


Overfull \hbox (88.70079pt too wide) in paragraph at lines 322--323
[][][][][][][][][][][][][][][][][][][][][][][][][][][][][] 
 []


Overfull \hbox (246.38243pt too wide) in paragraph at lines 325--327
[][][][][][][][][][][][][][][][][][][][][][][][][][][][][][][][][][][][][][][][
][][][][] 
 []


Overfull \hbox (108.411pt too wide) in paragraph at lines 328--329
[][][][][][][][][][][][][][][][][][][][][][][][][][][][][] 
 []


Overfull \hbox (246.38243pt too wide) in paragraph at lines 331--333
[][][][][][][][][][][][][][][][][][][][][][][][][][][][][][][][][][][][][][][][
][][][][] 
 []


Overfull \hbox (108.411pt too wide) in paragraph at lines 334--335
[][][][][][][][][][][][][][][][][][][][][][][][][][][][][] 
 []


Overfull \hbox (246.38243pt too wide) in paragraph at lines 337--339
[][][][][][][][][][][][][][][][][][][][][][][][][][][][][][][][][][][][][][][][
][][][][] 
 []


Overfull \hbox (377.7838pt too wide) in paragraph at lines 340--341
[][][][][][][][][][][][][][][][][][][][][][][][][][][][][][][][][][][][][][][][
][][][][][][][][][][][][][][][][][][] 
 []


Overfull \hbox (55.85045pt too wide) in paragraph at lines 342--344
[][][][][][][][][][][][][][][][][][][][][][][][][][][][][][][][][][][] 
 []

)
Package atveryend Info: Empty hook `BeforeClearDocument' on input line 58.
 [21]
Package atveryend Info: Empty hook `AfterLastShipout' on input line 58.
 (./FinalReport.aux)
Package atveryend Info: Executing hook `AtVeryEndDocument' on input line 58.
Package atveryend Info: Executing hook `AtEndAfterFileList' on input line 58.
Package rerunfilecheck Info: File `FinalReport.out' has not changed.
(rerunfilecheck)             Checksum: 70E416783AF6150C64CE8DEB5803511B;866.


LaTeX Warning: There were multiply-defined labels.

Package atveryend Info: Empty hook `AtVeryVeryEnd' on input line 58.
 ) 
Here is how much of TeX's memory you used:
 9733 strings out of 493029
 149216 string characters out of 6136234
 300509 words of memory out of 5000000
 12711 multiletter control sequences out of 15000+600000
 14196 words of font info for 53 fonts, out of 8000000 for 9000
 1141 hyphenation exceptions out of 8191
 42i,8n,42p,1056b,1819s stack positions out of 5000i,500n,10000p,200000b,80000s
</usr/share/texlive/texmf-dist/fonts/type1/public/amsfonts/cm/cmbx10.pfb></us
r/share/texlive/texmf-dist/fonts/type1/public/amsfonts/cm/cmbx12.pfb></usr/shar
e/texlive/texmf-dist/fonts/type1/public/amsfonts/cm/cmcsc10.pfb></usr/share/tex
live/texmf-dist/fonts/type1/public/amsfonts/cm/cmex10.pfb></usr/share/texlive/t
exmf-dist/fonts/type1/public/amsfonts/cm/cmmi10.pfb></usr/share/texlive/texmf-d
ist/fonts/type1/public/amsfonts/cm/cmmi8.pfb></usr/share/texlive/texmf-dist/fon
ts/type1/public/amsfonts/cm/cmr10.pfb></usr/share/texlive/texmf-dist/fonts/type
1/public/amsfonts/cm/cmr12.pfb></usr/share/texlive/texmf-dist/fonts/type1/publi
c/amsfonts/cm/cmr6.pfb></usr/share/texlive/texmf-dist/fonts/type1/public/amsfon
ts/cm/cmr8.pfb></usr/share/texlive/texmf-dist/fonts/type1/public/amsfonts/cm/cm
r9.pfb></usr/share/texlive/texmf-dist/fonts/type1/public/amsfonts/cm/cmsy10.pfb
></usr/share/texlive/texmf-dist/fonts/type1/public/amsfonts/cm/cmti10.pfb></usr
/share/texlive/texmf-dist/fonts/type1/public/amsfonts/cm/cmti12.pfb>
Output written on FinalReport.pdf (23 pages, 15325409 bytes).
PDF statistics:
 778 PDF objects out of 1000 (max. 8388607)
 664 compressed objects within 7 object streams
 397 named destinations out of 1000 (max. 500000)
 296 words of extra memory for PDF output out of 10000 (max. 10000000)

